2025-10-29 10:57:50,806 - root - INFO - Starting SENTRY application...
2025-10-29 10:57:50,808 - sentry.data.database.database - INFO - Initializing database...
2025-10-29 10:57:50,920 - sentry.data.database.database - INFO - Database initialized successfully
2025-10-29 10:57:50,921 - root - INFO - Database initialized
2025-10-29 10:57:52,963 - root - INFO - Application UI initialized
2025-10-29 11:01:07,236 - root - INFO - Starting SENTRY application...
2025-10-29 11:01:07,237 - sentry.data.database.database - INFO - Initializing database...
2025-10-29 11:01:07,239 - sentry.data.database.database - INFO - Database initialized successfully
2025-10-29 11:01:07,240 - root - INFO - Database initialized
2025-10-29 11:01:07,873 - root - INFO - Application UI initialized
2025-10-29 11:09:00,950 - root - INFO - Starting SENTRY application...
2025-10-29 11:09:00,952 - sentry.data.database.database - INFO - Initializing database...
2025-10-29 11:09:00,955 - sentry.data.database.database - INFO - Database initialized successfully
2025-10-29 11:09:00,956 - root - INFO - Database initialized
2025-10-29 11:09:02,079 - root - INFO - Application UI initialized
2025-10-29 11:12:28,346 - root - INFO - Starting SENTRY application...
2025-10-29 11:12:28,346 - sentry.data.database.database - INFO - Initializing database...
2025-10-29 11:12:28,349 - sentry.data.database.database - INFO - Database initialized successfully
2025-10-29 11:12:28,350 - root - INFO - Database initialized
2025-10-29 11:12:28,889 - root - INFO - Application UI initialized
2025-10-29 11:15:07,385 - root - INFO - Starting SENTRY application...
2025-10-29 11:15:07,386 - sentry.data.database.database - INFO - Initializing database...
2025-10-29 11:15:07,389 - sentry.data.database.database - INFO - Database initialized successfully
2025-10-29 11:15:07,389 - root - INFO - Database initialized
2025-10-29 11:15:07,894 - root - INFO - Application UI initialized
2025-10-29 11:17:43,195 - root - INFO - Starting SENTRY application...
2025-10-29 11:17:43,195 - sentry.data.database.database - INFO - Initializing database...
2025-10-29 11:17:43,200 - sentry.data.database.database - INFO - Database initialized successfully
2025-10-29 11:17:43,202 - root - INFO - Database initialized
2025-10-29 11:17:43,860 - root - INFO - Application UI initialized
2025-10-29 11:24:45,089 - root - INFO - Starting SENTRY application...
2025-10-29 11:24:45,090 - sentry.data.database.database - INFO - Initializing database...
2025-10-29 11:24:45,093 - sentry.data.database.database - INFO - Database initialized successfully
2025-10-29 11:24:45,094 - root - INFO - Database initialized
2025-10-29 11:24:45,798 - root - INFO - Application UI initialized
2025-10-29 11:45:41,545 - root - INFO - Starting SENTRY application...
2025-10-29 11:45:41,545 - sentry.data.database.database - INFO - Initializing database...
2025-10-29 11:45:41,548 - sentry.data.database.database - INFO - Database initialized successfully
2025-10-29 11:45:41,549 - root - INFO - Database initialized
2025-10-29 11:45:42,057 - root - INFO - Application UI initialized
2025-10-29 11:53:47,504 - root - INFO - Starting SENTRY application...
2025-10-29 11:53:47,505 - sentry.data.database.database - INFO - Initializing database...
2025-10-29 11:53:47,507 - sentry.data.database.database - INFO - Database initialized successfully
2025-10-29 11:53:47,508 - root - INFO - Database initialized
2025-10-29 11:53:47,997 - root - INFO - Application UI initialized
2025-10-29 11:54:09,412 - root - INFO - Starting SENTRY application...
2025-10-29 11:54:09,413 - sentry.data.database.database - INFO - Initializing database...
2025-10-29 11:54:09,418 - sentry.data.database.database - INFO - Database initialized successfully
2025-10-29 11:54:09,419 - root - INFO - Database initialized
2025-10-29 11:54:10,048 - root - INFO - Application UI initialized
2025-10-29 12:17:01,001 - root - INFO - Starting SENTRY application...
2025-10-29 12:17:01,016 - sentry.data.database.database - INFO - Initializing database...
2025-10-29 12:17:01,023 - sentry.data.database.database - INFO - Database initialized successfully
2025-10-29 12:17:01,024 - root - INFO - Database initialized
2025-10-29 12:17:01,922 - root - INFO - Application UI initialized
